<?xml version="1.0" encoding="UTF-8"?>
<testng-results skipped="0" failed="0" total="20" passed="20">
  <reporter-output>
  </reporter-output>
  <suite name="XX系统" duration-ms="7010" started-at="2019-08-08T11:55:48Z" finished-at="2019-08-08T11:55:56Z">
    <groups>
    </groups>
    <test name="XX" duration-ms="7010" started-at="2019-08-08T11:55:48Z" finished-at="2019-08-08T11:55:56Z">
      <class name="com.lemon.cases.LoginCase">
        <test-method status="PASS" signature="test(java.lang.String, java.lang.String, java.lang.String, java.lang.String)[pri:0, instance:com.lemon.cases.LoginCase@77f03bb1]" name="test" duration-ms="100" started-at="2019-08-08T19:55:51Z" data-provider="datas" finished-at="2019-08-08T19:55:51Z">
          <params>
            <param index="0">
              <value>
                <![CDATA[7]]>
              </value>
            </param>
            <param index="1">
              <value>
                <![CDATA[2]]>
              </value>
            </param>
            <param index="2">
              <value>
                <![CDATA[{"mobilephone":"${toBeRegisterMobilephone}","pwd":""}]]>
              </value>
            </param>
            <param index="3">
              <value is-null="true"/>
            </param>
          </params>
          <reporter-output>
          </reporter-output>
        </test-method> <!-- test -->
        <test-method status="PASS" signature="test(java.lang.String, java.lang.String, java.lang.String, java.lang.String)[pri:0, instance:com.lemon.cases.LoginCase@77f03bb1]" name="test" duration-ms="98" started-at="2019-08-08T19:55:51Z" data-provider="datas" finished-at="2019-08-08T19:55:51Z">
          <params>
            <param index="0">
              <value>
                <![CDATA[8]]>
              </value>
            </param>
            <param index="1">
              <value>
                <![CDATA[2]]>
              </value>
            </param>
            <param index="2">
              <value>
                <![CDATA[{"mobilephone":"","pwd":"${toBeRegisterPassword}"}]]>
              </value>
            </param>
            <param index="3">
              <value is-null="true"/>
            </param>
          </params>
          <reporter-output>
          </reporter-output>
        </test-method> <!-- test -->
        <test-method status="PASS" signature="test(java.lang.String, java.lang.String, java.lang.String, java.lang.String)[pri:0, instance:com.lemon.cases.LoginCase@77f03bb1]" name="test" duration-ms="120" started-at="2019-08-08T19:55:51Z" data-provider="datas" finished-at="2019-08-08T19:55:51Z">
          <params>
            <param index="0">
              <value>
                <![CDATA[9]]>
              </value>
            </param>
            <param index="1">
              <value>
                <![CDATA[2]]>
              </value>
            </param>
            <param index="2">
              <value>
                <![CDATA[{"mobilephone":"18813989003","pwd":"${toBeRegisterPassword}"}]]>
              </value>
            </param>
            <param index="3">
              <value is-null="true"/>
            </param>
          </params>
          <reporter-output>
          </reporter-output>
        </test-method> <!-- test -->
        <test-method status="PASS" signature="test(java.lang.String, java.lang.String, java.lang.String, java.lang.String)[pri:0, instance:com.lemon.cases.LoginCase@77f03bb1]" name="test" duration-ms="100" started-at="2019-08-08T19:55:51Z" data-provider="datas" finished-at="2019-08-08T19:55:52Z">
          <params>
            <param index="0">
              <value>
                <![CDATA[10]]>
              </value>
            </param>
            <param index="1">
              <value>
                <![CDATA[2]]>
              </value>
            </param>
            <param index="2">
              <value>
                <![CDATA[{"mobilephone":"${toBeRegisterMobilephone}","pwd":"${toBeRegisterPassword}"}]]>
              </value>
            </param>
            <param index="3">
              <value is-null="true"/>
            </param>
          </params>
          <reporter-output>
          </reporter-output>
        </test-method> <!-- test -->
        <test-method status="PASS" signature="test(java.lang.String, java.lang.String, java.lang.String, java.lang.String)[pri:0, instance:com.lemon.cases.LoginCase@77f03bb1]" name="test" duration-ms="109" started-at="2019-08-08T19:55:52Z" data-provider="datas" finished-at="2019-08-08T19:55:52Z">
          <params>
            <param index="0">
              <value>
                <![CDATA[11]]>
              </value>
            </param>
            <param index="1">
              <value>
                <![CDATA[2]]>
              </value>
            </param>
            <param index="2">
              <value>
                <![CDATA[{"mobilephone":"${toBeRegisterMobilephone}","pwd":"${toBeRegisterPassword}"}]]>
              </value>
            </param>
            <param index="3">
              <value is-null="true"/>
            </param>
          </params>
          <reporter-output>
          </reporter-output>
        </test-method> <!-- test -->
        <test-method status="PASS" signature="batchWriteBack()[pri:0, instance:com.lemon.cases.LoginCase@77f03bb1]" name="batchWriteBack" is-config="true" duration-ms="103" started-at="2019-08-08T19:55:56Z" finished-at="2019-08-08T19:55:56Z">
          <reporter-output>
          </reporter-output>
        </test-method> <!-- batchWriteBack -->
      </class> <!-- com.lemon.cases.LoginCase -->
      <class name="com.lemon.cases.RegisterCase">
        <test-method status="PASS" signature="test(java.lang.String, java.lang.String, java.lang.String, java.lang.String)[pri:0, instance:com.lemon.cases.RegisterCase@63d4e2ba]" name="test" duration-ms="458" started-at="2019-08-08T19:55:49Z" data-provider="datas" finished-at="2019-08-08T19:55:50Z">
          <params>
            <param index="0">
              <value>
                <![CDATA[1]]>
              </value>
            </param>
            <param index="1">
              <value>
                <![CDATA[1]]>
              </value>
            </param>
            <param index="2">
              <value>
                <![CDATA[{"mobilephone":"${toBeRegisterMobilephone}","pwd":""}]]>
              </value>
            </param>
            <param index="3">
              <value is-null="true"/>
            </param>
          </params>
          <reporter-output>
          </reporter-output>
        </test-method> <!-- test -->
        <test-method status="PASS" signature="test(java.lang.String, java.lang.String, java.lang.String, java.lang.String)[pri:0, instance:com.lemon.cases.RegisterCase@63d4e2ba]" name="test" duration-ms="95" started-at="2019-08-08T19:55:50Z" data-provider="datas" finished-at="2019-08-08T19:55:50Z">
          <params>
            <param index="0">
              <value>
                <![CDATA[2]]>
              </value>
            </param>
            <param index="1">
              <value>
                <![CDATA[1]]>
              </value>
            </param>
            <param index="2">
              <value>
                <![CDATA[{"mobilephone":"","pwd":"${toBeRegisterPassword}"}]]>
              </value>
            </param>
            <param index="3">
              <value is-null="true"/>
            </param>
          </params>
          <reporter-output>
          </reporter-output>
        </test-method> <!-- test -->
        <test-method status="PASS" signature="test(java.lang.String, java.lang.String, java.lang.String, java.lang.String)[pri:0, instance:com.lemon.cases.RegisterCase@63d4e2ba]" name="test" duration-ms="96" started-at="2019-08-08T19:55:50Z" data-provider="datas" finished-at="2019-08-08T19:55:50Z">
          <params>
            <param index="0">
              <value>
                <![CDATA[3]]>
              </value>
            </param>
            <param index="1">
              <value>
                <![CDATA[1]]>
              </value>
            </param>
            <param index="2">
              <value>
                <![CDATA[{"mobilephone":"190","pwd":"${toBeRegisterPassword}"}]]>
              </value>
            </param>
            <param index="3">
              <value is-null="true"/>
            </param>
          </params>
          <reporter-output>
          </reporter-output>
        </test-method> <!-- test -->
        <test-method status="PASS" signature="test(java.lang.String, java.lang.String, java.lang.String, java.lang.String)[pri:0, instance:com.lemon.cases.RegisterCase@63d4e2ba]" name="test" duration-ms="97" started-at="2019-08-08T19:55:50Z" data-provider="datas" finished-at="2019-08-08T19:55:50Z">
          <params>
            <param index="0">
              <value>
                <![CDATA[4]]>
              </value>
            </param>
            <param index="1">
              <value>
                <![CDATA[1]]>
              </value>
            </param>
            <param index="2">
              <value>
                <![CDATA[{"mobilephone":"${toBeRegisterMobilephone}","pwd":"12345"}]]>
              </value>
            </param>
            <param index="3">
              <value is-null="true"/>
            </param>
          </params>
          <reporter-output>
          </reporter-output>
        </test-method> <!-- test -->
        <test-method status="PASS" signature="test(java.lang.String, java.lang.String, java.lang.String, java.lang.String)[pri:0, instance:com.lemon.cases.RegisterCase@63d4e2ba]" name="test" duration-ms="1195" started-at="2019-08-08T19:55:50Z" data-provider="datas" finished-at="2019-08-08T19:55:51Z">
          <params>
            <param index="0">
              <value>
                <![CDATA[5]]>
              </value>
            </param>
            <param index="1">
              <value>
                <![CDATA[1]]>
              </value>
            </param>
            <param index="2">
              <value>
                <![CDATA[{"mobilephone":"${toBeRegisterMobilephone}","pwd":"${toBeRegisterPassword}"}]]>
              </value>
            </param>
            <param index="3">
              <value>
                <![CDATA[[
  {
   "no":"1",
   "sql":"select count(*) as totalNum from member where mobilephone='${toBeRegisterMobilephone}'"
   }
]]]>
              </value>
            </param>
          </params>
          <reporter-output>
          </reporter-output>
        </test-method> <!-- test -->
        <test-method status="PASS" signature="test(java.lang.String, java.lang.String, java.lang.String, java.lang.String)[pri:0, instance:com.lemon.cases.RegisterCase@63d4e2ba]" name="test" duration-ms="96" started-at="2019-08-08T19:55:51Z" data-provider="datas" finished-at="2019-08-08T19:55:51Z">
          <params>
            <param index="0">
              <value>
                <![CDATA[6]]>
              </value>
            </param>
            <param index="1">
              <value>
                <![CDATA[1]]>
              </value>
            </param>
            <param index="2">
              <value>
                <![CDATA[{"mobilephone":"${toBeRegisterMobilephone}","pwd":"${toBeRegisterPassword}"}]]>
              </value>
            </param>
            <param index="3">
              <value is-null="true"/>
            </param>
          </params>
          <reporter-output>
          </reporter-output>
        </test-method> <!-- test -->
      </class> <!-- com.lemon.cases.RegisterCase -->
      <class name="com.lemon.cases.ReChargeCase">
        <test-method status="PASS" signature="test(java.lang.String, java.lang.String, java.lang.String, java.lang.String)[pri:0, instance:com.lemon.cases.ReChargeCase@7bb11784]" name="test" duration-ms="95" started-at="2019-08-08T19:55:52Z" data-provider="datas" finished-at="2019-08-08T19:55:52Z">
          <params>
            <param index="0">
              <value>
                <![CDATA[12]]>
              </value>
            </param>
            <param index="1">
              <value>
                <![CDATA[3]]>
              </value>
            </param>
            <param index="2">
              <value>
                <![CDATA[{"mobilephone":"","amount":"10000"}]]>
              </value>
            </param>
            <param index="3">
              <value is-null="true"/>
            </param>
          </params>
          <reporter-output>
          </reporter-output>
        </test-method> <!-- test -->
        <test-method status="PASS" signature="test(java.lang.String, java.lang.String, java.lang.String, java.lang.String)[pri:0, instance:com.lemon.cases.ReChargeCase@7bb11784]" name="test" duration-ms="81" started-at="2019-08-08T19:55:52Z" data-provider="datas" finished-at="2019-08-08T19:55:52Z">
          <params>
            <param index="0">
              <value>
                <![CDATA[13]]>
              </value>
            </param>
            <param index="1">
              <value>
                <![CDATA[3]]>
              </value>
            </param>
            <param index="2">
              <value>
                <![CDATA[{"mobilephone":"${toBeRegisterMobilephone}","amount":""}]]>
              </value>
            </param>
            <param index="3">
              <value is-null="true"/>
            </param>
          </params>
          <reporter-output>
          </reporter-output>
        </test-method> <!-- test -->
        <test-method status="PASS" signature="test(java.lang.String, java.lang.String, java.lang.String, java.lang.String)[pri:0, instance:com.lemon.cases.ReChargeCase@7bb11784]" name="test" duration-ms="83" started-at="2019-08-08T19:55:52Z" data-provider="datas" finished-at="2019-08-08T19:55:52Z">
          <params>
            <param index="0">
              <value>
                <![CDATA[14]]>
              </value>
            </param>
            <param index="1">
              <value>
                <![CDATA[3]]>
              </value>
            </param>
            <param index="2">
              <value>
                <![CDATA[{"mobilephone":"190","amount":"10000"}]]>
              </value>
            </param>
            <param index="3">
              <value is-null="true"/>
            </param>
          </params>
          <reporter-output>
          </reporter-output>
        </test-method> <!-- test -->
        <test-method status="PASS" signature="test(java.lang.String, java.lang.String, java.lang.String, java.lang.String)[pri:0, instance:com.lemon.cases.ReChargeCase@7bb11784]" name="test" duration-ms="178" started-at="2019-08-08T19:55:52Z" data-provider="datas" finished-at="2019-08-08T19:55:52Z">
          <params>
            <param index="0">
              <value>
                <![CDATA[15]]>
              </value>
            </param>
            <param index="1">
              <value>
                <![CDATA[3]]>
              </value>
            </param>
            <param index="2">
              <value>
                <![CDATA[{"mobilephone":"18813989003","amount":"10000"}]]>
              </value>
            </param>
            <param index="3">
              <value is-null="true"/>
            </param>
          </params>
          <reporter-output>
          </reporter-output>
        </test-method> <!-- test -->
        <test-method status="PASS" signature="test(java.lang.String, java.lang.String, java.lang.String, java.lang.String)[pri:0, instance:com.lemon.cases.ReChargeCase@7bb11784]" name="test" duration-ms="88" started-at="2019-08-08T19:55:52Z" data-provider="datas" finished-at="2019-08-08T19:55:52Z">
          <params>
            <param index="0">
              <value>
                <![CDATA[16]]>
              </value>
            </param>
            <param index="1">
              <value>
                <![CDATA[3]]>
              </value>
            </param>
            <param index="2">
              <value>
                <![CDATA[{"mobilephone":"${toBeRegisterMobilephone}","amount":"测试文字"}]]>
              </value>
            </param>
            <param index="3">
              <value is-null="true"/>
            </param>
          </params>
          <reporter-output>
          </reporter-output>
        </test-method> <!-- test -->
        <test-method status="PASS" signature="test(java.lang.String, java.lang.String, java.lang.String, java.lang.String)[pri:0, instance:com.lemon.cases.ReChargeCase@7bb11784]" name="test" duration-ms="85" started-at="2019-08-08T19:55:52Z" data-provider="datas" finished-at="2019-08-08T19:55:52Z">
          <params>
            <param index="0">
              <value>
                <![CDATA[17]]>
              </value>
            </param>
            <param index="1">
              <value>
                <![CDATA[3]]>
              </value>
            </param>
            <param index="2">
              <value>
                <![CDATA[{"mobilephone":"${toBeRegisterMobilephone}","amount":"-1"}]]>
              </value>
            </param>
            <param index="3">
              <value is-null="true"/>
            </param>
          </params>
          <reporter-output>
          </reporter-output>
        </test-method> <!-- test -->
        <test-method status="PASS" signature="test(java.lang.String, java.lang.String, java.lang.String, java.lang.String)[pri:0, instance:com.lemon.cases.ReChargeCase@7bb11784]" name="test" duration-ms="101" started-at="2019-08-08T19:55:52Z" data-provider="datas" finished-at="2019-08-08T19:55:52Z">
          <params>
            <param index="0">
              <value>
                <![CDATA[18]]>
              </value>
            </param>
            <param index="1">
              <value>
                <![CDATA[3]]>
              </value>
            </param>
            <param index="2">
              <value>
                <![CDATA[{"mobilephone":"${toBeRegisterMobilephone}","amount":"510000"}]]>
              </value>
            </param>
            <param index="3">
              <value is-null="true"/>
            </param>
          </params>
          <reporter-output>
          </reporter-output>
        </test-method> <!-- test -->
        <test-method status="PASS" signature="test(java.lang.String, java.lang.String, java.lang.String, java.lang.String)[pri:0, instance:com.lemon.cases.ReChargeCase@7bb11784]" name="test" duration-ms="81" started-at="2019-08-08T19:55:52Z" data-provider="datas" finished-at="2019-08-08T19:55:52Z">
          <params>
            <param index="0">
              <value>
                <![CDATA[19]]>
              </value>
            </param>
            <param index="1">
              <value>
                <![CDATA[3]]>
              </value>
            </param>
            <param index="2">
              <value>
                <![CDATA[{"mobilephone":"${toBeRegisterMobilephone}","amount":"10000.001"}]]>
              </value>
            </param>
            <param index="3">
              <value is-null="true"/>
            </param>
          </params>
          <reporter-output>
          </reporter-output>
        </test-method> <!-- test -->
        <test-method status="PASS" signature="test(java.lang.String, java.lang.String, java.lang.String, java.lang.String)[pri:0, instance:com.lemon.cases.ReChargeCase@7bb11784]" name="test" duration-ms="3004" started-at="2019-08-08T19:55:52Z" data-provider="datas" finished-at="2019-08-08T19:55:55Z">
          <params>
            <param index="0">
              <value>
                <![CDATA[20]]>
              </value>
            </param>
            <param index="1">
              <value>
                <![CDATA[3]]>
              </value>
            </param>
            <param index="2">
              <value>
                <![CDATA[{"mobilephone":"${toBeRegisterMobilephone}","amount":"10000"}]]>
              </value>
            </param>
            <param index="3">
              <value>
                <![CDATA[[
  {
    "no":"1",
    "sql":"select leaveamount from member where mobilephone='${toBeRegisterMobilephone}'"},
  {
    "no":"2",
    "sql":"select count(*) as totalNum from financelog where IncomeMemberId = (select id from member where mobilephone='${toBeRegisterMobilephone}')"
   }
]]]>
              </value>
            </param>
          </params>
          <reporter-output>
          </reporter-output>
        </test-method> <!-- test -->
      </class> <!-- com.lemon.cases.ReChargeCase -->
    </test> <!-- XX -->
  </suite> <!-- XX系统 -->
</testng-results>
