<?xml version="1.0" encoding="UTF-8"?>
<!-- Generated by org.testng.reporters.JUnitXMLReporter -->
<testsuite hostname="DESKTOP-MPKEA80" name="XX" tests="20" failures="0" timestamp="8 Aug 2019 06:57:53 GMT" time="6.646" errors="0">
  <testcase name="test" time="2.417" classname="com.lemon.cases.RegisterCase"/>
  <testcase name="test" time="0.076" classname="com.lemon.cases.RegisterCase"/>
  <testcase name="test" time="0.075" classname="com.lemon.cases.RegisterCase"/>
  <testcase name="test" time="0.075" classname="com.lemon.cases.RegisterCase"/>
  <testcase name="test" time="0.886" classname="com.lemon.cases.RegisterCase"/>
  <testcase name="test" time="0.092" classname="com.lemon.cases.RegisterCase"/>
  <testcase name="test" time="0.077" classname="com.lemon.cases.LoginCase"/>
  <testcase name="test" time="0.075" classname="com.lemon.cases.LoginCase"/>
  <testcase name="test" time="0.099" classname="com.lemon.cases.LoginCase"/>
  <testcase name="test" time="0.096" classname="com.lemon.cases.LoginCase"/>
  <testcase name="test" time="0.107" classname="com.lemon.cases.LoginCase"/>
  <testcase name="test" time="0.075" classname="com.lemon.cases.ReChargeCase"/>
  <testcase name="test" time="0.08" classname="com.lemon.cases.ReChargeCase"/>
  <testcase name="test" time="0.074" classname="com.lemon.cases.ReChargeCase"/>
  <testcase name="test" time="0.165" classname="com.lemon.cases.ReChargeCase"/>
  <testcase name="test" time="0.075" classname="com.lemon.cases.ReChargeCase"/>
  <testcase name="test" time="0.076" classname="com.lemon.cases.ReChargeCase"/>
  <testcase name="test" time="0.075" classname="com.lemon.cases.ReChargeCase"/>
  <testcase name="test" time="0.081" classname="com.lemon.cases.ReChargeCase"/>
  <testcase name="test" time="1.346" classname="com.lemon.cases.ReChargeCase"/>
</testsuite> <!-- XX -->
