<?xml version="1.0" encoding="UTF-8"?>
<!-- Generated by org.testng.reporters.JUnitXMLReporter -->
<testsuite hostname="DESKTOP-MPKEA80" name="XX" tests="20" failures="0" timestamp="8 Aug 2019 11:55:56 GMT" time="7.01" errors="0">
  <testcase name="test" time="0.458" classname="com.lemon.cases.RegisterCase"/>
  <testcase name="test" time="0.095" classname="com.lemon.cases.RegisterCase"/>
  <testcase name="test" time="0.096" classname="com.lemon.cases.RegisterCase"/>
  <testcase name="test" time="0.097" classname="com.lemon.cases.RegisterCase"/>
  <testcase name="test" time="1.195" classname="com.lemon.cases.RegisterCase"/>
  <testcase name="test" time="0.096" classname="com.lemon.cases.RegisterCase"/>
  <testcase name="test" time="0.1" classname="com.lemon.cases.LoginCase"/>
  <testcase name="test" time="0.098" classname="com.lemon.cases.LoginCase"/>
  <testcase name="test" time="0.12" classname="com.lemon.cases.LoginCase"/>
  <testcase name="test" time="0.1" classname="com.lemon.cases.LoginCase"/>
  <testcase name="test" time="0.109" classname="com.lemon.cases.LoginCase"/>
  <testcase name="test" time="0.095" classname="com.lemon.cases.ReChargeCase"/>
  <testcase name="test" time="0.081" classname="com.lemon.cases.ReChargeCase"/>
  <testcase name="test" time="0.083" classname="com.lemon.cases.ReChargeCase"/>
  <testcase name="test" time="0.178" classname="com.lemon.cases.ReChargeCase"/>
  <testcase name="test" time="0.088" classname="com.lemon.cases.ReChargeCase"/>
  <testcase name="test" time="0.085" classname="com.lemon.cases.ReChargeCase"/>
  <testcase name="test" time="0.101" classname="com.lemon.cases.ReChargeCase"/>
  <testcase name="test" time="0.081" classname="com.lemon.cases.ReChargeCase"/>
  <testcase name="test" time="3.004" classname="com.lemon.cases.ReChargeCase"/>
</testsuite> <!-- XX -->
